Jan 08 01:38 : update: added /y2mate.com - 100% Gehirn Potenzial aktivieren - Genie-Frequenz - Beta Wellen (Brainwaves)_Q8JIO106JlM.mp3
Jan 08 01:38 : update: added /y2mate.com - Deus Ex Ambient Mix Mankind Divided  Human Revolution.mp3
Jan 08 01:38 : update: added /y2mate.com - Activate Your Higher Mind _ Unlock Your True Potential - Cleanse Self Doubt _ Binaural Beats_Uh3GzIZpShI.mp3
Jan 08 01:38 : update: added /y2mate.com - Concentration  Programming Music 0000 (Part 0).mp3
Jan 08 01:38 : update: added musicForProgramming 1-52/music_for_programming_17-graphplan.mp3
Jan 08 01:38 : update: added musicForProgramming 1-52/music_for_programming_7-tahlhoff_garten_and_untitled.mp3
Jan 08 01:38 : update: added musicForProgramming 1-52/music_for_programming_34-chukus.mp3
Jan 08 01:38 : update: added musicForProgramming 1-52/music_for_programming_39-kidding_kurrys.mp3
Jan 08 01:38 : update: added musicForProgramming 1-52/music_for_programming_21-idol_eyes.mp3
Jan 08 01:38 : update: added musicForProgramming 1-52/music_for_programming_38-j_s_aurelius.mp3
Jan 08 01:38 : update: added musicForProgramming 1-52/music_for_programming_2-sunjammer.mp3
Jan 08 01:38 : update: added musicForProgramming 1-52/music_for_programming_19-hivemind.mp3
Jan 08 01:38 : update: added musicForProgramming 1-52/music_for_programming_22-mindaugaszq.mp3
Jan 08 01:38 : update: added musicForProgramming 1-52/music_for_programming_50-misc.works.mp3
Jan 08 01:38 : update: added musicForProgramming 1-52/music_for_programming_45-ehohroma.mp3
Jan 08 01:38 : update: added musicForProgramming 1-52/music_for_programming_46-jo_johnson.mp3
Jan 08 01:38 : update: added musicForProgramming 1-52/music_for_programming_14-tahlhoff_garten_and_untitled.mp3
Jan 08 01:38 : update: added musicForProgramming 1-52/music_for_programming_43-hey_exit.mp3
Jan 08 01:38 : update: added musicForProgramming 1-52/music_for_programming_23-panda_magic.mp3
Jan 08 01:38 : update: added musicForProgramming 1-52/music_for_programming_16-silent_stelios.mp3
Jan 08 01:38 : update: added musicForProgramming 1-52/music_for_programming_41-sunjammer.mp3
Jan 08 01:38 : update: added musicForProgramming 1-52/music_for_programming_44-hukka.mp3
Jan 08 01:38 : update: added musicForProgramming 1-52/music_for_programming_8-connectedness_locus.mp3
Jan 08 01:38 : update: added musicForProgramming 1-52/music_for_programming_15-dan_adeyemi.mp3
Jan 08 01:38 : update: added musicForProgramming 1-52/music_for_programming_33-uuav.mp3
Jan 08 01:38 : update: added musicForProgramming 1-52/music_for_programming_12-forgotten_light.mp3
Jan 08 01:38 : update: added musicForProgramming 1-52/music_for_programming_6-gods_of_the_new_age.mp3
Jan 08 01:38 : update: added musicForProgramming 1-52/music_for_programming_13-matt_whitehead.mp3
Jan 08 01:38 : update: added musicForProgramming 1-52/music_for_programming_18-konx_om_pax.mp3
Jan 08 01:38 : update: added musicForProgramming 1-52/music_for_programming_27-michael_hicks.mp3
Jan 08 01:38 : update: added musicForProgramming 1-52/music_for_programming_47-abe_mangger.mp3
Jan 08 01:38 : update: added musicForProgramming 1-52/music_for_programming_42-datassette.mp3
Jan 08 01:38 : update: added musicForProgramming 1-52/music_for_programming_40-mark_schneider.mp3
Jan 08 01:38 : update: added musicForProgramming 1-52/music_for_programming_1-datassette.mp3
Jan 08 01:38 : update: added musicForProgramming 1-52/music_for_programming_32-chris_seddon.mp3
Jan 08 01:38 : update: added musicForProgramming 1-52/music_for_programming_37-lackluster.mp3
Jan 08 01:38 : update: added musicForProgramming 1-52/music_for_programming_25-_nono_.mp3
Jan 08 01:38 : update: added musicForProgramming 1-52/music_for_programming_28-big_war.mp3
Jan 08 01:38 : update: added musicForProgramming 1-52/music_for_programming_36-ea7_dmz.mp3
Jan 08 01:38 : update: added musicForProgramming 1-52/music_for_programming_20-uberdog.mp3
Jan 08 01:38 : update: added musicForProgramming 1-52/music_for_programming_10-unity_gain_temple.mp3
Jan 08 01:38 : update: added musicForProgramming 1-52/music_for_programming_35-nadim_kobeissi.mp3
Jan 08 01:38 : update: added musicForProgramming 1-52/music_for_programming_52-inchindown.mp3
Jan 08 01:38 : update: added musicForProgramming 1-52/music_for_programming_9-datassette.mp3
Jan 08 01:38 : update: added musicForProgramming 1-52/music_for_programming_5-abe_mangger.mp3
Jan 08 01:38 : update: added musicForProgramming 1-52/music_for_programming_3-datassette.mp3
Jan 08 01:38 : update: added musicForProgramming 1-52/music_for_programming_51-mücha.mp3
Jan 08 01:38 : update: added musicForProgramming 1-52/music_for_programming_26-abstraction.mp3
Jan 08 01:38 : update: added musicForProgramming 1-52/music_for_programming_31-datassette.mp3
Jan 08 01:38 : update: added musicForProgramming 1-52/music_for_programming_30-matt_kruse.mp3
Jan 08 01:38 : update: added musicForProgramming 1-52/music_for_programming_29-luke_handsfree.mp3
Jan 08 01:38 : update: added musicForProgramming 1-52/music_for_programming_11-miles_tilmann.mp3
Jan 08 01:38 : update: added musicForProgramming 1-52/music_for_programming_48-michael_hicks.mp3
Jan 08 01:38 : update: added musicForProgramming 1-52/music_for_programming_49-julien_mier.mp3
Jan 08 01:38 : update: added musicForProgramming 1-52/music_for_programming_24-rites.mp3
Jan 08 01:38 : update: added musicForProgramming 1-52/music_for_programming_4-com_truise.mp3
Jan 08 01:38 : update: added /y2mate.com - Deus Ex Human Revolution Soundtrack Full.mp3
Jan 08 01:38 : update: added /y2mate.com - H Y P E R  F O C U S  Smooth Jazz Study With Me  MDProspect.mp3
Jan 08 01:38 : update: added /y2mate.com - OM Chanting @ 432 Hz_SBiwLibZqfw.mp3
Jan 08 01:38 : update: added /y2mate.com - Lana Del Rey - Carmen (Redsparrow Remix)_kr7k3_5yaDY.mp3
Jan 08 01:38 : update: added /y2mate.com - Chillstep Music for Programming  Cyber  Coding.mp3
Jan 08 01:38 : update: added /y2mate.com - Lofi Jazz Study Music  Calm  Chill Background Jazz Music for Work Study Focus Coding Reading.mp3
Jan 08 01:38 : update: added /y2mate.com - 1 Hour Rock Music For Programming  Coding 2.mp3
Jan 08 01:38 : update: added /y2mate.com - Crypto Programming VIBE Music 🦠 #6.mp3
Jan 08 01:38 : update: added /y2mate.com - Neuro Enhancer for Intelligence, Memory, IQ, Concentration Booster - Hyper Gamma Binaural Beats__t8buWOX9jo.mp3
Jan 08 01:38 : update: added /y2mate.com -  Study Music  SUPER Memory  Concentration  Alpha BiNaural Beat  Focus Music.mp3
Jan 08 01:38 : update: added /y2mate.com - 1 Hour Rock Mix Collection 2020  AMV Music Compilation AMV Music 7.mp3
Jan 08 01:38 : update: added /music_for_programming_1-datassette.mp3
Jan 08 01:38 : update: added /y2mate.com - Post-Apocalypse Music — Chill Healing Playlist + Hopeful Violin.mp3
Jan 08 01:38 : update: added /y2mate.com - Increase IQ & Creativity✔Super Learning Power✔Alpha Binaural Beats✔Study Aid, Memory & Focus #GV138_5rSuG9QTdGQ.mp3
Jan 08 01:38 : update: added /y2mate.com - 1 Hour AMV Rock Mix 2021 1.mp3
Jan 08 01:38 : update: added /y2mate.com - HACKING MUSIC - Mr. Robot 🤖#13.mp3
Jan 08 01:38 : update: added /y2mate.com - Active Background Coding - UNIVERSE Edition ✨ #7.mp3
Jan 08 01:38 : update: added /y2mate.com - Music for Deep Focus and Concentration with Binaural Beats Brainwave Music for Studying.mp3
Jan 08 01:38 : update: added /y2mate.com - Downtempo Music — Chill Mix for Studying and Working_CC04qXYhlGU.mp3
Jan 08 01:38 : update: added /y2mate.com - Programming ▫️ Designing ▫️ Hacking ▫️ Coding ▫️ Focus ▫️ Music 🧬.mp3
Jan 08 02:10 : zeroconf: No global port, disabling zeroconf
Jan 08 02:12 : exception: Unsupported URI scheme
Jan 08 02:12 : exception: Failed to open '/home/kemovic/mnt/Carmen/music/[Radio Streams].m3u': No such file or directory
Jan 08 02:12 : exception: No such playlist
Jan 08 02:13 : exception: Failed to open '/home/kemovic/mnt/Carmen/music/music_for_programming_1-datassette.mp3/cover.png': Not a directory
Jan 08 02:13 : exception: Failed to open '/home/kemovic/mnt/Carmen/music/music_for_programming_1-datassette.mp3/cover.jpg': Not a directory
Jan 08 02:13 : exception: Failed to open '/home/kemovic/mnt/Carmen/music/music_for_programming_1-datassette.mp3/cover.tiff': Not a directory
Jan 08 02:13 : exception: Failed to open '/home/kemovic/mnt/Carmen/music/music_for_programming_1-datassette.mp3/cover.bmp': Not a directory
Jan 08 02:13 : player: played "musicForProgramming 1-52/music_for_programming_1-datassette.mp3"
Jan 08 02:13 : player: played "music_for_programming_1-datassette.mp3"
Jan 08 02:13 : player: played "y2mate.com -  Study Music  SUPER Memory  Concentration  Alpha BiNaural Beat  Focus Music.mp3"
Jan 08 02:13 : player: played "y2mate.com - Deus Ex Ambient Mix Mankind Divided  Human Revolution.mp3"
Jan 08 02:13 : player: played "y2mate.com - Deus Ex Human Revolution Soundtrack Full.mp3"
Jan 08 02:14 : player: played "y2mate.com - Post-Apocalypse Music — Chill Healing Playlist + Hopeful Violin.mp3"
Jan 08 02:14 : player: played "y2mate.com - Programming ▫️ Designing ▫️ Hacking ▫️ Coding ▫️ Focus ▫️ Music 🧬.mp3"
Jan 08 02:14 : player: played "y2mate.com - Programming ▫️ Designing ▫️ Hacking ▫️ Coding ▫️ Focus ▫️ Music 🧬.mp3"
Jan 08 02:15 : player: played "y2mate.com - 1 Hour AMV Rock Mix 2021 1.mp3"
Jan 08 02:15 : player: played "y2mate.com - 1 Hour Rock Mix Collection 2020  AMV Music Compilation AMV Music 7.mp3"
Jan 08 02:15 : player: played "y2mate.com - 1 Hour Rock Music For Programming  Coding 2.mp3"
Jan 08 02:15 : player: played "y2mate.com - 100% Gehirn Potenzial aktivieren - Genie-Frequenz - Beta Wellen (Brainwaves)_Q8JIO106JlM.mp3"
Jan 08 02:15 : player: played "y2mate.com - Crypto Programming VIBE Music 🦠 #6.mp3"
Jan 08 02:15 : player: played "y2mate.com - H Y P E R  F O C U S  Smooth Jazz Study With Me  MDProspect.mp3"
Jan 08 02:16 : exception: Unsupported URI scheme
Jan 08 02:16 : exception: Failed to open '/home/kemovic/mnt/Carmen/music/[Radio Streams].m3u': No such file or directory
Jan 08 02:16 : exception: No such playlist
Jan 08 02:17 : exception: Failed to open '/home/kemovic/mnt/Carmen/music/music_for_programming_1-datassette.mp3/cover.png': Not a directory
Jan 08 02:17 : exception: Failed to open '/home/kemovic/mnt/Carmen/music/music_for_programming_1-datassette.mp3/cover.jpg': Not a directory
Jan 08 02:17 : exception: Failed to open '/home/kemovic/mnt/Carmen/music/music_for_programming_1-datassette.mp3/cover.tiff': Not a directory
Jan 08 02:17 : exception: Failed to open '/home/kemovic/mnt/Carmen/music/music_for_programming_1-datassette.mp3/cover.bmp': Not a directory
Jan 08 03:15 : player: played "y2mate.com - HACKING MUSIC - Mr. Robot 🤖#13.mp3"
Jan 08 10:54 : zeroconf: No global port, disabling zeroconf
Jan 08 13:39 : exception: Unsupported URI scheme
Jan 08 13:39 : exception: Failed to open '/home/kemovic/mnt/Carmen/music/[Radio Streams].m3u': No such file or directory
Jan 08 13:39 : exception: No such playlist
Jan 08 14:41 : player: played "y2mate.com - HACKING MUSIC - Mr. Robot 🤖#13.mp3"
Jan 09 17:36 : zeroconf: No global port, disabling zeroconf
Jan 10 00:04 : zeroconf: No global port, disabling zeroconf
Jan 10 00:19 : exception: Unsupported URI scheme
Jan 10 00:19 : exception: Failed to open '/home/kemovic/mnt/Carmen/music/[Radio Streams].m3u': No such file or directory
Jan 10 00:19 : exception: No such playlist
Jan 10 00:36 : player: played "http://127.0.0.1:36939/home/kemovic/mnt/Carmen/music/y2mate.com%20-%201%20Hour%20AMV%20Rock%20Mix%202021%201.mp3?time=3918&id=-1&cantata=song"
Jan 10 00:37 : exception: Unsupported URI scheme
Jan 10 00:37 : exception: Failed to open '/home/kemovic/mnt/Carmen/music/[Radio Streams].m3u': No such file or directory
Jan 10 00:37 : exception: No such playlist
Jan 10 00:37 : exception: CURL failed: The requested URL returned error: 404
Jan 10 00:37 : exception: CURL failed: The requested URL returned error: 404
Jan 10 00:37 : exception: CURL failed: The requested URL returned error: 404
Jan 10 00:37 : exception: CURL failed: The requested URL returned error: 404
Jan 10 00:38 : exception: Failed to open '/home/kemovic/mnt/Carmen/music/music_for_programming_1-datassette.mp3/cover.png': Not a directory
Jan 10 00:38 : exception: Failed to open '/home/kemovic/mnt/Carmen/music/music_for_programming_1-datassette.mp3/cover.jpg': Not a directory
Jan 10 00:38 : exception: Failed to open '/home/kemovic/mnt/Carmen/music/music_for_programming_1-datassette.mp3/cover.tiff': Not a directory
Jan 10 00:38 : exception: Failed to open '/home/kemovic/mnt/Carmen/music/music_for_programming_1-datassette.mp3/cover.bmp': Not a directory
Jan 10 00:38 : player: played "http://127.0.0.1:36939/home/kemovic/mnt/Carmen/music/music_for_programming_1-datassette.mp3?artist=Music%20For%20Programming&title=Episode%201%20(Compiled%20by%20Datassette)&year=2011&time=3736&id=-1&cantata=song"
Jan 10 00:38 : exception: Unsupported URI scheme
Jan 10 00:38 : exception: Failed to open '/home/kemovic/mnt/Carmen/music/[Radio Streams].m3u': No such file or directory
Jan 10 00:38 : exception: No such playlist
Jan 10 00:38 : player: played "http://127.0.0.1:36939/home/kemovic/mnt/Carmen/music/y2mate.com%20-%20Increase%20IQ%20&%20Creativity%E2%9C%94Super%20Learning%20Power%E2%9C%94Alpha%20Binaural%20Beats%E2%9C%94Study%20Aid,%20Memory%20&%20Focus%20%23GV138_5rSuG9QTdGQ.mp3?time=3604&id=-1&cantata=song"
Jan 10 14:12 : zeroconf: No global port, disabling zeroconf
Jan 10 14:33 : exception: Unsupported URI scheme
Jan 10 14:33 : exception: Failed to open '/home/kemovic/mnt/Carmen/music/[Radio Streams].m3u': No such file or directory
Jan 10 14:33 : exception: No such playlist
Jan 10 16:36 : zeroconf: No global port, disabling zeroconf
Jan 10 21:13 : zeroconf: No global port, disabling zeroconf
Jan 12 15:25 : zeroconf: No global port, disabling zeroconf
Jan 12 21:34 : zeroconf: No global port, disabling zeroconf
Jan 13 20:31 : zeroconf: No global port, disabling zeroconf
Jan 14 12:41 : zeroconf: No global port, disabling zeroconf
Jan 14 13:01 : zeroconf: No global port, disabling zeroconf
Jan 14 20:53 : update: added /y2mate.com - Hard Rock Music Instrumental Compilation  Energetic and Motivational Songs for Work Gym Study 2016.mp3
Jan 14 20:54 : exception: Unsupported URI scheme
Jan 14 20:54 : exception: Failed to open '/home/kemovic/mnt/Carmen/music/[Radio Streams].m3u': No such file or directory
Jan 14 20:54 : exception: No such playlist
Jan 14 20:54 : exception: Failed to open '/home/kemovic/mnt/Carmen/music/music_for_programming_1-datassette.mp3/cover.png': Not a directory
Jan 14 20:54 : exception: Failed to open '/home/kemovic/mnt/Carmen/music/music_for_programming_1-datassette.mp3/cover.jpg': Not a directory
Jan 14 20:54 : exception: Failed to open '/home/kemovic/mnt/Carmen/music/music_for_programming_1-datassette.mp3/cover.tiff': Not a directory
Jan 14 20:54 : exception: Failed to open '/home/kemovic/mnt/Carmen/music/music_for_programming_1-datassette.mp3/cover.bmp': Not a directory
Jan 14 21:35 : exception: Unsupported URI scheme
Jan 14 21:35 : exception: Failed to open '/home/kemovic/mnt/Carmen/music/[Radio Streams].m3u': No such file or directory
Jan 14 21:35 : exception: No such playlist
Jan 15 00:11 : player: played "y2mate.com - Hard Rock Music Instrumental Compilation  Energetic and Motivational Songs for Work Gym Study 2016.mp3"
Jan 15 14:55 : zeroconf: No global port, disabling zeroconf
Jan 15 17:28 : zeroconf: No global port, disabling zeroconf
Jan 15 18:24 : zeroconf: No global port, disabling zeroconf
Jan 15 20:17 : zeroconf: No global port, disabling zeroconf
Jan 17 02:47 : zeroconf: No global port, disabling zeroconf
Jan 17 11:16 : zeroconf: No global port, disabling zeroconf
Jan 18 17:46 : zeroconf: No global port, disabling zeroconf
Jan 19 13:14 : zeroconf: No global port, disabling zeroconf
Jan 20 15:12 : zeroconf: No global port, disabling zeroconf
Jan 21 13:41 : zeroconf: No global port, disabling zeroconf
Jan 21 18:55 : exception: Unsupported URI scheme
Jan 21 18:55 : exception: Failed to open '/home/kemovic/mnt/Carmen/music/[Radio Streams].m3u': No such file or directory
Jan 21 18:55 : exception: No such playlist
Jan 21 18:56 : player: played "y2mate.com - 1 Hour AMV Rock Mix 2021 1.mp3"
Jan 21 18:56 : player: played "y2mate.com - 1 Hour Rock Mix Collection 2020  AMV Music Compilation AMV Music 7.mp3"
Jan 21 18:56 : player: played "y2mate.com - H Y P E R  F O C U S  Smooth Jazz Study With Me  MDProspect.mp3"
Jan 21 18:56 : player: played "y2mate.com - HACKING MUSIC - Mr. Robot 🤖#13.mp3"
Jan 21 18:56 : player: played "y2mate.com - Hard Rock Music Instrumental Compilation  Energetic and Motivational Songs for Work Gym Study 2016.mp3"
Jan 21 18:56 : player: played "y2mate.com - Post-Apocalypse Music — Chill Healing Playlist + Hopeful Violin.mp3"
Jan 21 18:57 : player: played "y2mate.com - Programming ▫️ Designing ▫️ Hacking ▫️ Coding ▫️ Focus ▫️ Music 🧬.mp3"
Jan 21 20:33 : player: played "y2mate.com -  Study Music  SUPER Memory  Concentration  Alpha BiNaural Beat  Focus Music.mp3"
Jan 22 14:49 : zeroconf: No global port, disabling zeroconf
Jan 23 11:25 : zeroconf: No global port, disabling zeroconf
Jan 24 22:46 : zeroconf: No global port, disabling zeroconf
Jan 24 23:23 : exception: Unsupported URI scheme
Jan 24 23:23 : exception: Failed to open '/home/kemovic/mnt/Carmen/music/[Radio Streams].m3u': No such file or directory
Jan 24 23:23 : exception: No such playlist
Jan 25 00:36 : player: played "y2mate.com - Active Background Coding - UNIVERSE Edition ✨ #7.mp3"
Jan 25 00:36 : player: played "y2mate.com - Chillstep Music for Programming  Cyber  Coding.mp3"
Jan 25 05:40 : player: played "y2mate.com - Chillstep Music for Programming  Cyber  Coding.mp3"
Jan 25 15:25 : zeroconf: No global port, disabling zeroconf
Jan 25 18:36 : player: played "y2mate.com - Chillstep Music for Programming  Cyber  Coding.mp3"
Jan 25 21:21 : zeroconf: No global port, disabling zeroconf
Jan 26 01:32 : player: played "y2mate.com - Chillstep Music for Programming  Cyber  Coding.mp3"
Jan 26 13:18 : zeroconf: No global port, disabling zeroconf
Jan 27 20:26 : zeroconf: No global port, disabling zeroconf
Jan 28 06:07 : player: played "y2mate.com - Chillstep Music for Programming  Cyber  Coding.mp3"
Jan 28 16:16 : zeroconf: No global port, disabling zeroconf
Jan 29 14:46 : zeroconf: No global port, disabling zeroconf
Jan 30 01:49 : zeroconf: No global port, disabling zeroconf
Jan 30 16:51 : zeroconf: No global port, disabling zeroconf
Jan 30 19:47 : player: played "y2mate.com - Chillstep Music for Programming  Cyber  Coding.mp3"
Jan 30 21:37 : zeroconf: No global port, disabling zeroconf
Jan 31 06:13 : player: played "y2mate.com - Chillstep Music for Programming  Cyber  Coding.mp3"
Jan 31 19:37 : zeroconf: No global port, disabling zeroconf
Feb 01 12:46 : player: played "y2mate.com - Chillstep Music for Programming  Cyber  Coding.mp3"
Feb 02 05:47 : zeroconf: No global port, disabling zeroconf
Feb 02 12:51 : player: played "y2mate.com - Chillstep Music for Programming  Cyber  Coding.mp3"
Feb 02 22:35 : zeroconf: No global port, disabling zeroconf
Feb 03 12:43 : player: played "y2mate.com - Chillstep Music for Programming  Cyber  Coding.mp3"
Feb 03 18:17 : zeroconf: No global port, disabling zeroconf
Feb 04 04:14 : player: played "y2mate.com - Chillstep Music for Programming  Cyber  Coding.mp3"
Feb 04 20:04 : zeroconf: No global port, disabling zeroconf
Feb 06 06:39 : player: played "y2mate.com - Chillstep Music for Programming  Cyber  Coding.mp3"
Feb 06 17:59 : zeroconf: No global port, disabling zeroconf
Feb 07 04:55 : update: added /y2mate.com - TECHNO MUSIC MAY 2019 CLUB MIX techno djstoneangels djset playlist italiandj.mp3
Feb 07 04:57 : update: added /y2mate.com - Deep Techno  Progressive House Mix  December 2019 HumanMusic.mp3
Feb 07 04:59 : update: added /y2mate.com - Deep Techno  Tech House Mix  July 2020 HumanMusic.mp3
Feb 07 06:23 : player: played "y2mate.com - Chillstep Music for Programming  Cyber  Coding.mp3"
Feb 07 17:03 : zeroconf: No global port, disabling zeroconf
Feb 09 06:41 : player: played "y2mate.com - Chillstep Music for Programming  Cyber  Coding.mp3"
Feb 09 19:50 : zeroconf: No global port, disabling zeroconf
Feb 10 22:25 : exception: Unsupported URI scheme
Feb 10 22:25 : exception: Failed to open '/home/kemovic/mnt/Carmen/music/[Radio Streams].m3u': No such file or directory
Feb 10 22:25 : exception: No such playlist
Feb 10 22:43 : update: added /y2mate.com - Minimal  Deep Techno Mix  January 2022.mp3
Feb 10 22:44 : update: added /y2mate.com - Deep Techno  Progressive House Mix  February 2022.mp3
Feb 10 23:25 : player: played "y2mate.com - TECHNO MUSIC MAY 2019 CLUB MIX techno djstoneangels djset playlist italiandj.mp3"
Feb 10 23:45 : player: played "y2mate.com - Deep Techno  Progressive House Mix  February 2022.mp3"
Feb 11 07:43 : zeroconf: No global port, disabling zeroconf
Feb 11 07:53 : player: played "y2mate.com - Deep Techno  Progressive House Mix  February 2022.mp3"
Feb 11 07:54 : zeroconf: No global port, disabling zeroconf
Feb 11 14:05 : player: played "y2mate.com - Deep Techno  Progressive House Mix  February 2022.mp3"
Feb 12 06:18 : zeroconf: No global port, disabling zeroconf
Feb 13 09:47 : exception: Unsupported URI scheme
Feb 13 09:47 : exception: Failed to open '/home/kemovic/mnt/Carmen/music/[Radio Streams].m3u': No such file or directory
Feb 13 09:47 : exception: No such playlist
Feb 13 11:14 : player: played "y2mate.com - Deep Techno  Tech House Mix  July 2020 HumanMusic.mp3"
Feb 13 16:06 : zeroconf: No global port, disabling zeroconf
Feb 14 15:24 : zeroconf: No global port, disabling zeroconf
Feb 14 18:41 : zeroconf: No global port, disabling zeroconf
Feb 14 21:32 : zeroconf: No global port, disabling zeroconf
Feb 14 21:44 : exception: Unsupported URI scheme
Feb 14 21:44 : exception: Failed to open '/home/kemovic/mnt/Carmen/music/[Radio Streams].m3u': No such file or directory
Feb 14 21:44 : exception: No such playlist
Feb 14 22:27 : player: played "y2mate.com - TECHNO MUSIC MAY 2019 CLUB MIX techno djstoneangels djset playlist italiandj.mp3"
Feb 14 23:21 : player: played "y2mate.com - Deep Techno  Progressive House Mix  February 2022.mp3"
Feb 15 00:21 : player: played "y2mate.com - Deep Techno  Tech House Mix  July 2020 HumanMusic.mp3"
Feb 15 08:39 : exception: Unsupported URI scheme
Feb 15 08:39 : exception: Failed to open '/home/kemovic/mnt/Carmen/music/[Radio Streams].m3u': No such file or directory
Feb 15 08:39 : exception: No such playlist
Feb 15 09:32 : player: played "y2mate.com - Deep Techno  Progressive House Mix  February 2022.mp3"
Feb 16 10:33 : player: played "y2mate.com - Deep Techno  Tech House Mix  July 2020 HumanMusic.mp3"
Feb 16 11:04 : zeroconf: No global port, disabling zeroconf
Feb 17 01:40 : player: played "y2mate.com - Deep Techno  Tech House Mix  July 2020 HumanMusic.mp3"
Feb 17 01:44 : zeroconf: No global port, disabling zeroconf
Feb 17 02:16 : player: played "y2mate.com - Deep Techno  Tech House Mix  July 2020 HumanMusic.mp3"
Feb 17 02:19 : zeroconf: No global port, disabling zeroconf
Feb 17 05:02 : player: played "y2mate.com - Deep Techno  Tech House Mix  July 2020 HumanMusic.mp3"
Feb 17 05:07 : zeroconf: No global port, disabling zeroconf
Feb 17 05:17 : player: played "y2mate.com - Deep Techno  Tech House Mix  July 2020 HumanMusic.mp3"
Feb 17 05:19 : zeroconf: No global port, disabling zeroconf
Feb 17 07:01 : player: played "y2mate.com - Deep Techno  Tech House Mix  July 2020 HumanMusic.mp3"
Feb 17 07:03 : zeroconf: No global port, disabling zeroconf
Feb 17 11:30 : player: played "y2mate.com - Deep Techno  Tech House Mix  July 2020 HumanMusic.mp3"
Feb 17 11:36 : zeroconf: No global port, disabling zeroconf
Feb 17 12:48 : player: played "y2mate.com - Deep Techno  Tech House Mix  July 2020 HumanMusic.mp3"
Feb 17 13:45 : zeroconf: No global port, disabling zeroconf
Feb 17 13:59 : player: played "y2mate.com - Deep Techno  Tech House Mix  July 2020 HumanMusic.mp3"
Feb 17 14:06 : zeroconf: No global port, disabling zeroconf
Feb 17 14:08 : player: played "y2mate.com - Deep Techno  Tech House Mix  July 2020 HumanMusic.mp3"
Feb 17 15:59 : zeroconf: No global port, disabling zeroconf
Feb 17 16:36 : player: played "y2mate.com - Deep Techno  Tech House Mix  July 2020 HumanMusic.mp3"
Feb 17 16:38 : zeroconf: No global port, disabling zeroconf
Feb 17 23:55 : player: played "y2mate.com - Deep Techno  Tech House Mix  July 2020 HumanMusic.mp3"
Feb 17 23:57 : zeroconf: No global port, disabling zeroconf
Feb 18 00:10 : player: played "y2mate.com - Deep Techno  Tech House Mix  July 2020 HumanMusic.mp3"
Feb 18 00:20 : zeroconf: No global port, disabling zeroconf
Feb 18 00:26 : player: played "y2mate.com - Deep Techno  Tech House Mix  July 2020 HumanMusic.mp3"
Feb 18 00:33 : zeroconf: No global port, disabling zeroconf
Feb 18 00:36 : player: played "y2mate.com - Deep Techno  Tech House Mix  July 2020 HumanMusic.mp3"
Feb 18 01:21 : zeroconf: No global port, disabling zeroconf
Feb 18 02:47 : player: played "y2mate.com - Deep Techno  Tech House Mix  July 2020 HumanMusic.mp3"
Feb 18 02:53 : zeroconf: No global port, disabling zeroconf
Feb 18 03:02 : player: played "y2mate.com - Deep Techno  Tech House Mix  July 2020 HumanMusic.mp3"
Feb 18 06:10 : zeroconf: No global port, disabling zeroconf
Feb 18 10:47 : player: played "y2mate.com - Deep Techno  Tech House Mix  July 2020 HumanMusic.mp3"
Feb 18 10:51 : zeroconf: No global port, disabling zeroconf
Feb 18 10:57 : player: played "y2mate.com - Deep Techno  Tech House Mix  July 2020 HumanMusic.mp3"
Feb 18 11:02 : zeroconf: No global port, disabling zeroconf
Feb 18 11:18 : player: played "y2mate.com - Deep Techno  Tech House Mix  July 2020 HumanMusic.mp3"
Feb 18 11:21 : zeroconf: No global port, disabling zeroconf
Feb 18 12:33 : player: played "y2mate.com - Deep Techno  Tech House Mix  July 2020 HumanMusic.mp3"
Feb 18 12:39 : zeroconf: No global port, disabling zeroconf
Feb 18 14:27 : player: played "y2mate.com - Deep Techno  Tech House Mix  July 2020 HumanMusic.mp3"
Feb 18 22:51 : zeroconf: No global port, disabling zeroconf
Feb 18 23:29 : player: played "y2mate.com - Deep Techno  Tech House Mix  July 2020 HumanMusic.mp3"
Feb 18 23:38 : zeroconf: No global port, disabling zeroconf
Feb 18 23:43 : player: played "y2mate.com - Deep Techno  Tech House Mix  July 2020 HumanMusic.mp3"
Feb 18 23:46 : zeroconf: No global port, disabling zeroconf
Feb 18 23:58 : player: played "y2mate.com - Deep Techno  Tech House Mix  July 2020 HumanMusic.mp3"
Feb 19 00:02 : zeroconf: No global port, disabling zeroconf
Feb 19 00:34 : player: played "y2mate.com - Deep Techno  Tech House Mix  July 2020 HumanMusic.mp3"
Feb 19 00:35 : zeroconf: No global port, disabling zeroconf
Feb 19 02:06 : player: played "y2mate.com - Deep Techno  Tech House Mix  July 2020 HumanMusic.mp3"
Feb 19 02:14 : zeroconf: No global port, disabling zeroconf
Feb 19 02:17 : player: played "y2mate.com - Deep Techno  Tech House Mix  July 2020 HumanMusic.mp3"
Feb 19 02:25 : zeroconf: No global port, disabling zeroconf
Feb 19 02:36 : player: played "y2mate.com - Deep Techno  Tech House Mix  July 2020 HumanMusic.mp3"
Feb 19 02:53 : zeroconf: No global port, disabling zeroconf
Feb 19 03:54 : player: played "y2mate.com - Deep Techno  Tech House Mix  July 2020 HumanMusic.mp3"
Feb 19 04:26 : zeroconf: No global port, disabling zeroconf
Feb 19 05:19 : player: played "y2mate.com - Deep Techno  Tech House Mix  July 2020 HumanMusic.mp3"
Feb 19 05:29 : zeroconf: No global port, disabling zeroconf
Feb 19 06:16 : player: played "y2mate.com - Deep Techno  Tech House Mix  July 2020 HumanMusic.mp3"
Feb 19 06:18 : zeroconf: No global port, disabling zeroconf
Feb 19 06:34 : player: played "y2mate.com - Deep Techno  Tech House Mix  July 2020 HumanMusic.mp3"
Feb 19 06:37 : zeroconf: No global port, disabling zeroconf
Feb 19 06:55 : player: played "y2mate.com - Deep Techno  Tech House Mix  July 2020 HumanMusic.mp3"
Feb 19 06:58 : zeroconf: No global port, disabling zeroconf
Feb 19 07:04 : player: played "y2mate.com - Deep Techno  Tech House Mix  July 2020 HumanMusic.mp3"
Feb 19 07:06 : zeroconf: No global port, disabling zeroconf
Feb 19 09:02 : player: played "y2mate.com - Deep Techno  Tech House Mix  July 2020 HumanMusic.mp3"
Feb 19 09:04 : zeroconf: No global port, disabling zeroconf
Feb 19 09:49 : player: played "y2mate.com - Deep Techno  Tech House Mix  July 2020 HumanMusic.mp3"
Feb 19 09:52 : zeroconf: No global port, disabling zeroconf
Feb 19 10:17 : player: played "y2mate.com - Deep Techno  Tech House Mix  July 2020 HumanMusic.mp3"
Feb 19 10:41 : zeroconf: No global port, disabling zeroconf
Feb 19 14:02 : player: played "y2mate.com - Deep Techno  Tech House Mix  July 2020 HumanMusic.mp3"
Feb 20 01:47 : zeroconf: No global port, disabling zeroconf
Feb 20 01:55 : player: played "y2mate.com - Deep Techno  Tech House Mix  July 2020 HumanMusic.mp3"
Feb 20 04:03 : zeroconf: No global port, disabling zeroconf
Feb 20 04:03 : exception: Failed to decode /home/kemovic/mnt/Carmen/music/y2mate.com - Deep Techno  Tech House Mix  July 2020 HumanMusic.mp3; Failed to open '/home/kemovic/mnt/Carmen/music/y2mate.com - Deep Techno  Tech House Mix  July 2020 HumanMusic.mp3': No such file or directory
Feb 20 04:03 : player: played "y2mate.com - Deep Techno  Tech House Mix  July 2020 HumanMusic.mp3"
Feb 20 04:03 : exception: inotify_add_watch() has failed: No such file or directory
Feb 20 04:06 : zeroconf: No global port, disabling zeroconf
Feb 20 04:06 : exception: inotify_add_watch() has failed: No such file or directory
Feb 20 04:09 : zeroconf: No global port, disabling zeroconf
Feb 20 05:30 : zeroconf: No global port, disabling zeroconf
Feb 20 05:37 : zeroconf: No global port, disabling zeroconf
Feb 20 05:46 : zeroconf: No global port, disabling zeroconf
Feb 20 06:22 : zeroconf: No global port, disabling zeroconf
Feb 20 06:34 : zeroconf: No global port, disabling zeroconf
Feb 21 08:34 : zeroconf: No global port, disabling zeroconf
Feb 21 09:04 : zeroconf: No global port, disabling zeroconf
Feb 21 09:27 : zeroconf: No global port, disabling zeroconf
Feb 21 09:34 : zeroconf: No global port, disabling zeroconf
Feb 21 09:45 : zeroconf: No global port, disabling zeroconf
Feb 21 09:54 : zeroconf: No global port, disabling zeroconf
Feb 21 10:50 : zeroconf: No global port, disabling zeroconf
Feb 22 02:51 : zeroconf: No global port, disabling zeroconf
Feb 22 03:06 : zeroconf: No global port, disabling zeroconf
Feb 22 04:59 : zeroconf: No global port, disabling zeroconf
Feb 22 05:07 : zeroconf: No global port, disabling zeroconf
Feb 22 10:22 : zeroconf: No global port, disabling zeroconf
Feb 22 10:37 : zeroconf: No global port, disabling zeroconf
Feb 22 11:45 : zeroconf: No global port, disabling zeroconf
Feb 22 05:21 : zeroconf: No global port, disabling zeroconf
Feb 22 05:27 : zeroconf: No global port, disabling zeroconf
Feb 22 06:13 : zeroconf: No global port, disabling zeroconf
Feb 22 08:22 : zeroconf: No global port, disabling zeroconf
Feb 22 08:55 : zeroconf: No global port, disabling zeroconf
Feb 22 09:48 : zeroconf: No global port, disabling zeroconf
Feb 22 09:59 : zeroconf: No global port, disabling zeroconf
Feb 22 10:22 : zeroconf: No global port, disabling zeroconf
Feb 22 13:11 : zeroconf: No global port, disabling zeroconf
Feb 22 13:17 : zeroconf: No global port, disabling zeroconf
Feb 22 13:24 : zeroconf: No global port, disabling zeroconf
Feb 22 14:27 : zeroconf: No global port, disabling zeroconf
Feb 22 15:06 : zeroconf: No global port, disabling zeroconf
Feb 22 15:06 : exception: inotify_add_watch() has failed: No such file or directory
Feb 22 16:07 : zeroconf: No global port, disabling zeroconf
Feb 22 16:07 : exception: inotify_add_watch() has failed: No such file or directory
Feb 22 17:12 : zeroconf: No global port, disabling zeroconf
Feb 22 17:12 : exception: inotify_add_watch() has failed: No such file or directory
Feb 22 17:20 : zeroconf: No global port, disabling zeroconf
Feb 22 17:20 : exception: inotify_add_watch() has failed: No such file or directory
Feb 23 03:58 : zeroconf: No global port, disabling zeroconf
Feb 23 03:58 : exception: inotify_add_watch() has failed: No such file or directory
Feb 25 13:45 : zeroconf: No global port, disabling zeroconf
Feb 25 13:45 : exception: inotify_add_watch() has failed: No such file or directory
Feb 25 14:34 : zeroconf: No global port, disabling zeroconf
Feb 25 14:34 : exception: inotify_add_watch() has failed: No such file or directory
Feb 25 15:29 : zeroconf: No global port, disabling zeroconf
Feb 25 15:29 : exception: inotify_add_watch() has failed: No such file or directory
Feb 25 15:59 : zeroconf: No global port, disabling zeroconf
Feb 25 15:59 : exception: inotify_add_watch() has failed: No such file or directory
Feb 25 16:04 : zeroconf: No global port, disabling zeroconf
Feb 25 16:04 : exception: inotify_add_watch() has failed: No such file or directory
Feb 25 21:36 : zeroconf: No global port, disabling zeroconf
Feb 25 21:36 : exception: inotify_add_watch() has failed: No such file or directory
Feb 25 21:50 : zeroconf: No global port, disabling zeroconf
Feb 25 21:50 : exception: inotify_add_watch() has failed: No such file or directory
Feb 25 22:01 : zeroconf: No global port, disabling zeroconf
Feb 25 22:01 : exception: inotify_add_watch() has failed: No such file or directory
Feb 25 22:11 : zeroconf: No global port, disabling zeroconf
Feb 25 22:11 : exception: inotify_add_watch() has failed: No such file or directory
Feb 25 22:22 : zeroconf: No global port, disabling zeroconf
Feb 25 22:22 : exception: inotify_add_watch() has failed: No such file or directory
Feb 26 01:36 : zeroconf: No global port, disabling zeroconf
Feb 26 01:36 : exception: inotify_add_watch() has failed: No such file or directory
Feb 26 01:50 : zeroconf: No global port, disabling zeroconf
Feb 26 08:21 : zeroconf: No global port, disabling zeroconf
Feb 26 08:33 : zeroconf: No global port, disabling zeroconf
Feb 27 19:39 : zeroconf: No global port, disabling zeroconf
Feb 27 20:23 : zeroconf: No global port, disabling zeroconf
Feb 28 00:58 : zeroconf: No global port, disabling zeroconf
Feb 28 01:17 : zeroconf: No global port, disabling zeroconf
Feb 28 08:24 : zeroconf: No global port, disabling zeroconf
Feb 28 10:13 : zeroconf: No global port, disabling zeroconf
Feb 28 10:29 : zeroconf: No global port, disabling zeroconf
Feb 28 20:02 : zeroconf: No global port, disabling zeroconf
Mar 01 00:11 : zeroconf: No global port, disabling zeroconf
Mar 02 11:14 : zeroconf: No global port, disabling zeroconf
Mar 04 09:37 : zeroconf: No global port, disabling zeroconf
Mar 05 15:18 : zeroconf: No global port, disabling zeroconf
Mar 05 23:43 : zeroconf: No global port, disabling zeroconf
Mar 07 11:01 : zeroconf: No global port, disabling zeroconf
Mar 07 23:32 : zeroconf: No global port, disabling zeroconf
Mar 08 00:10 : exception: Unsupported URI scheme
Mar 08 00:10 : exception: Failed to open '/home/kemovic/mnt/Carmen/music/[Radio Streams].m3u': No such file or directory
Mar 08 00:10 : exception: No such playlist
Mar 08 00:11 : player: played "y2mate.com - Deep Techno  Tech House Mix  July 2020 HumanMusic.mp3"
Mar 08 00:11 : player: played "y2mate.com - Post-Apocalypse Music — Chill Healing Playlist + Hopeful Violin.mp3"
Mar 08 02:03 : player: played "y2mate.com - Programming ▫️ Designing ▫️ Hacking ▫️ Coding ▫️ Focus ▫️ Music 🧬.mp3"
Mar 08 10:33 : zeroconf: No global port, disabling zeroconf
Mar 08 10:33 : exception: Failed to open "Local Music Player Daemon" (pulse); failed to connect: Connection refused
Mar 08 10:33 : exception: Failed to open "Local Music Player Daemon" (pulse); failed to connect: Connection refused
Mar 08 10:33 : player: problems opening audio device while playing "y2mate.com - Programming ▫️ Designing ▫️ Hacking ▫️ Coding ▫️ Focus ▫️ Music 🧬.mp3"
Mar 08 12:29 : player: played "y2mate.com - Programming ▫️ Designing ▫️ Hacking ▫️ Coding ▫️ Focus ▫️ Music 🧬.mp3"
Mar 08 12:30 : zeroconf: No global port, disabling zeroconf
Mar 08 14:54 : exception: Unsupported URI scheme
Mar 08 14:54 : exception: Failed to open '/home/kemovic/mnt/Carmen/music/[Radio Streams].m3u': No such file or directory
Mar 08 14:54 : exception: No such playlist
Mar 08 14:55 : player: played "y2mate.com - Programming ▫️ Designing ▫️ Hacking ▫️ Coding ▫️ Focus ▫️ Music 🧬.mp3"
Mar 08 14:55 : player: played "y2mate.com - 1 Hour Rock Music For Programming  Coding 2.mp3"
Mar 08 14:55 : player: played "y2mate.com - Activate Your Higher Mind _ Unlock Your True Potential - Cleanse Self Doubt _ Binaural Beats_Uh3GzIZpShI.mp3"
Mar 08 14:55 : player: played "y2mate.com - Chillstep Music for Programming  Cyber  Coding.mp3"
Mar 08 14:55 : player: played "y2mate.com - Neuro Enhancer for Intelligence, Memory, IQ, Concentration Booster - Hyper Gamma Binaural Beats__t8buWOX9jo.mp3"
Mar 08 14:55 : player: played "y2mate.com - Post-Apocalypse Music — Chill Healing Playlist + Hopeful Violin.mp3"
Mar 08 14:55 : player: played "y2mate.com - Post-Apocalypse Music — Chill Healing Playlist + Hopeful Violin.mp3"
Mar 08 14:55 : player: played "y2mate.com -  Study Music  SUPER Memory  Concentration  Alpha BiNaural Beat  Focus Music.mp3"
Mar 08 14:56 : player: played "y2mate.com - Crypto Programming VIBE Music 🦠 #6.mp3"
Mar 08 14:58 : player: played "y2mate.com - Deus Ex Ambient Mix Mankind Divided  Human Revolution.mp3"
Mar 08 23:23 : player: played "y2mate.com - Deus Ex Human Revolution Soundtrack Full.mp3"
Mar 09 00:14 : player: played "y2mate.com - Activate Your Higher Mind _ Unlock Your True Potential - Cleanse Self Doubt _ Binaural Beats_Uh3GzIZpShI.mp3"
Mar 09 00:14 : player: played "y2mate.com - Concentration  Programming Music 0000 (Part 0).mp3"
Mar 09 00:15 : player: played "y2mate.com - TECHNO MUSIC MAY 2019 CLUB MIX techno djstoneangels djset playlist italiandj.mp3"
Mar 09 00:15 : player: played "y2mate.com - Minimal  Deep Techno Mix  January 2022.mp3"
Mar 09 00:15 : player: played "y2mate.com - HACKING MUSIC - Mr. Robot 🤖#13.mp3"
Mar 09 15:02 : player: played "y2mate.com - Downtempo Music — Chill Mix for Studying and Working_CC04qXYhlGU.mp3"
Mar 09 15:04 : zeroconf: No global port, disabling zeroconf
Mar 09 17:15 : zeroconf: No global port, disabling zeroconf
Mar 09 19:49 : exception: Unsupported URI scheme
Mar 09 19:49 : exception: Failed to open '/home/kemovic/mnt/Carmen/music/[Radio Streams].m3u': No such file or directory
Mar 09 19:49 : exception: No such playlist
Mar 09 19:50 : player: played "y2mate.com - Downtempo Music — Chill Mix for Studying and Working_CC04qXYhlGU.mp3"
Mar 09 19:50 : player: played "y2mate.com - H Y P E R  F O C U S  Smooth Jazz Study With Me  MDProspect.mp3"
Mar 09 19:50 : player: played "y2mate.com - Hard Rock Music Instrumental Compilation  Energetic and Motivational Songs for Work Gym Study 2016.mp3"
Mar 09 21:15 : player: played "y2mate.com - Deus Ex Human Revolution Soundtrack Full.mp3"
Mar 09 23:47 : zeroconf: No global port, disabling zeroconf
Mar 10 01:33 : exception: Unsupported URI scheme
Mar 10 01:33 : exception: Failed to open '/home/kemovic/mnt/Carmen/music/[Radio Streams].m3u': No such file or directory
Mar 10 01:33 : exception: No such playlist
Mar 10 01:33 : player: played "y2mate.com - Deus Ex Human Revolution Soundtrack Full.mp3"
Mar 10 02:26 : player: played "y2mate.com - Deus Ex Human Revolution Soundtrack Full.mp3"
Mar 10 02:29 : zeroconf: No global port, disabling zeroconf
Mar 10 02:29 : exception: Failed to open "Local Music Player Daemon" (pulse); failed to connect: Connection refused
Mar 10 02:29 : exception: Failed to open "Local Music Player Daemon" (pulse); failed to connect: Connection refused
Mar 10 02:29 : player: problems opening audio device while playing "y2mate.com - Deus Ex Human Revolution Soundtrack Full.mp3"
Mar 10 12:17 : player: played "y2mate.com - Deus Ex Human Revolution Soundtrack Full.mp3"
Mar 10 13:03 : zeroconf: No global port, disabling zeroconf
Mar 11 03:20 : player: played "y2mate.com - Deus Ex Human Revolution Soundtrack Full.mp3"
Mar 11 12:15 : zeroconf: No global port, disabling zeroconf
Mar 11 13:10 : player: played "y2mate.com - Deus Ex Human Revolution Soundtrack Full.mp3"
Mar 11 13:11 : zeroconf: No global port, disabling zeroconf
Mar 12 02:39 : player: played "y2mate.com - Deus Ex Human Revolution Soundtrack Full.mp3"
Mar 12 02:40 : zeroconf: No global port, disabling zeroconf
Mar 12 13:07 : zeroconf: No global port, disabling zeroconf
Mar 12 21:52 : player: played "y2mate.com - Deus Ex Human Revolution Soundtrack Full.mp3"
Mar 12 23:18 : zeroconf: No global port, disabling zeroconf
Mar 13 04:13 : player: played "y2mate.com - Deus Ex Human Revolution Soundtrack Full.mp3"
Mar 13 06:51 : zeroconf: No global port, disabling zeroconf
Mar 14 16:54 : player: played "y2mate.com - Deus Ex Human Revolution Soundtrack Full.mp3"
Mar 14 19:58 : zeroconf: No global port, disabling zeroconf
Mar 15 04:52 : player: played "y2mate.com - Deus Ex Human Revolution Soundtrack Full.mp3"
Mar 15 15:00 : zeroconf: No global port, disabling zeroconf
Mar 17 06:14 : player: played "y2mate.com - Deus Ex Human Revolution Soundtrack Full.mp3"
Mar 17 15:48 : zeroconf: No global port, disabling zeroconf
Mar 18 03:15 : player: played "y2mate.com - Deus Ex Human Revolution Soundtrack Full.mp3"
Mar 18 07:41 : zeroconf: No global port, disabling zeroconf
Mar 19 04:24 : player: played "y2mate.com - Deus Ex Human Revolution Soundtrack Full.mp3"
Mar 19 12:41 : zeroconf: No global port, disabling zeroconf
Mar 19 12:57 : player: played "y2mate.com - Deus Ex Human Revolution Soundtrack Full.mp3"
Mar 19 12:59 : zeroconf: No global port, disabling zeroconf
Mar 20 00:02 : player: played "y2mate.com - Deus Ex Human Revolution Soundtrack Full.mp3"
Mar 20 06:29 : zeroconf: No global port, disabling zeroconf
Mar 20 23:45 : player: played "y2mate.com - Deus Ex Human Revolution Soundtrack Full.mp3"
Mar 21 02:08 : zeroconf: No global port, disabling zeroconf
Mar 21 05:49 : player: played "y2mate.com - Deus Ex Human Revolution Soundtrack Full.mp3"
Mar 21 06:58 : zeroconf: No global port, disabling zeroconf
Mar 21 07:57 : player: played "y2mate.com - Deus Ex Human Revolution Soundtrack Full.mp3"
Mar 21 16:51 : zeroconf: No global port, disabling zeroconf
Mar 22 02:12 : player: played "y2mate.com - Deus Ex Human Revolution Soundtrack Full.mp3"
Mar 22 03:08 : zeroconf: No global port, disabling zeroconf
Mar 22 04:09 : update: added /Tech Noir Music — Dark Chillstep Wave Mix.mp3
Mar 22 04:09 : update: added /Soothing Background Music — Chillstep Mix for Work and Leisure.mp3
Mar 22 04:09 : update: added /Sunny Chill Mix — Downtempo and Chillout Music For Learning And Studying.mp3
Mar 22 04:09 : update: added /On The Way — Evening Ride Chillstep Playlist.mp3
Mar 22 04:09 : update: added /Workflow Music — Get In The Zone Mix.mp3
Mar 22 04:09 : update: added /Tony's Workshop Music — Productivity Superhero Mix.mp3
Mar 22 04:09 : update: added /Business Playlist — Beautiful Chillout Mix For Success.mp3
Mar 22 04:09 : update: added /Future Garage Beats in the Late Night City.mp3
Mar 22 04:09 : update: added /Relaxing Beats — Smooth Chillstep Wave Mix.mp3
Mar 22 04:09 : update: added /Profitable Freelance  — Uplifting Playlist For Productive Work.mp3
Mar 22 04:09 : exception: Unsupported URI scheme
Mar 22 04:09 : exception: Failed to open '/home/kemovic/mnt/Carmen/music/[Radio Streams].m3u': No such file or directory
Mar 22 04:09 : exception: No such playlist
Mar 22 04:09 : player: played "y2mate.com - Deus Ex Human Revolution Soundtrack Full.mp3"
Mar 22 04:09 : player: played "Business Playlist — Beautiful Chillout Mix For Success.mp3"
Mar 22 04:09 : player: played "Tony's Workshop Music — Productivity Superhero Mix.mp3"
Mar 22 04:09 : player: played "Tony's Workshop Music — Productivity Superhero Mix.mp3"
Mar 22 04:34 : player: played "Tech Noir Music — Dark Chillstep Wave Mix.mp3"
Mar 22 10:45 : zeroconf: No global port, disabling zeroconf
Mar 22 11:18 : mpg123: mpg123_getformat() failed: Message: I am done with this track.
Mar 22 11:18 : ffmpeg/mp3: Format mp3 detected only with low score of 1, misdetection possible!
Mar 22 11:18 : ffmpeg/mp3: Failed to read frame size: Could not seek to 1026.
Mar 22 11:20 : update: added /DIGITAL NIGHTMARE Music Festival Day 1.mp3
Mar 22 11:29 : update: updating /DIGITAL NIGHTMARE Music Festival Day 1.mp3
Mar 22 11:30 : exception: Unsupported URI scheme
Mar 22 11:30 : exception: Failed to open '/home/kemovic/mnt/Carmen/music/[Radio Streams].m3u': No such file or directory
Mar 22 11:30 : exception: No such playlist
Mar 22 11:30 : player: played "Tech Noir Music — Dark Chillstep Wave Mix.mp3"
Mar 22 11:42 : exception: Unsupported URI scheme
Mar 22 11:42 : exception: Failed to open '/home/kemovic/mnt/Carmen/music/[Radio Streams].m3u': No such file or directory
Mar 22 11:42 : exception: No such playlist
Mar 22 23:04 : player: played "DIGITAL NIGHTMARE Music Festival Day 1.mp3"
Mar 23 00:52 : zeroconf: No global port, disabling zeroconf
Mar 23 01:53 : player: played "DIGITAL NIGHTMARE Music Festival Day 1.mp3"
Mar 23 17:33 : zeroconf: No global port, disabling zeroconf
Mar 25 01:31 : player: played "DIGITAL NIGHTMARE Music Festival Day 1.mp3"
Mar 25 19:50 : zeroconf: No global port, disabling zeroconf
Mar 27 05:20 : exception: Unsupported URI scheme
Mar 27 05:20 : exception: Failed to open '/home/kemovic/mnt/Carmen/music/[Radio Streams].m3u': No such file or directory
Mar 27 05:20 : exception: No such playlist
Mar 27 05:20 : player: played "DIGITAL NIGHTMARE Music Festival Day 1.mp3"
Mar 27 05:20 : player: played "Business Playlist — Beautiful Chillout Mix For Success.mp3"
Mar 27 06:27 : player: played "Future Garage Beats in the Late Night City.mp3"
Mar 28 22:28 : zeroconf: No global port, disabling zeroconf
Mar 29 22:46 : mpg123: mpg123_getformat() failed: Message: I am done with this track.
Mar 29 22:46 : ffmpeg/mp3: Format mp3 detected only with low score of 1, misdetection possible!
Mar 29 22:46 : ffmpeg/mp3: Failed to read frame size: Could not seek to 1026.
Mar 29 22:48 : update: added /매일 컴퓨터에 집중할 수 있도록 도와주는 음악   3 hour lofi hiphop mix   lofi coding  study   work.mp3
Mar 29 23:00 : update: updating /매일 컴퓨터에 집중할 수 있도록 도와주는 음악   3 hour lofi hiphop mix   lofi coding  study   work.mp3
Mar 31 00:13 : zeroconf: No global port, disabling zeroconf
Mar 31 16:49 : zeroconf: No global port, disabling zeroconf
